<?xml version="1.0" encoding="UTF-8"?>
<testng-results ignored="0" total="2" passed="2" failed="0" skipped="0">
  <reporter-output>
  </reporter-output>
  <suite started-at="2026-08-19T17:45:31 IST" name="Default suite" finished-at="2026-08-19T17:45:35 IST" duration-ms="3808">
    <groups>
    </groups>
    <test started-at="2026-08-19T17:45:31 IST" name="Default test" finished-at="2026-08-19T17:45:35 IST" duration-ms="3808">
      <class name="serlizationConcept.PostCall">
        <test-method signature="getId()[pri:0, instance:serlizationConcept.PostCall@5656be13]" started-at="2026-08-19T17:45:31 IST" name="getId" finished-at="2026-08-19T17:45:34 IST" duration-ms="2941" status="PASS">
          <reporter-output>
          </reporter-output>
        </test-method> <!-- getId -->
        <test-method signature="post()[pri:0, instance:serlizationConcept.PostCall@5656be13]" started-at="2026-08-19T17:45:34 IST" name="post" finished-at="2026-08-19T17:45:35 IST" duration-ms="815" status="PASS">
          <reporter-output>
          </reporter-output>
        </test-method> <!-- post -->
      </class> <!-- serlizationConcept.PostCall -->
    </test> <!-- Default test -->
  </suite> <!-- Default suite -->
</testng-results>
